c:\users\psonc001\source\repos\natnetsdk\samples\sampleclient3d\debug\vc142.pdb
c:\users\psonc001\source\repos\natnetsdk\samples\sampleclient3d\debug\vc142.idb
c:\users\psonc001\source\repos\natnetsdk\samples\sampleclient3d\debug\glprint.obj
c:\users\psonc001\source\repos\natnetsdk\samples\sampleclient3d\debug\markerpositioncollection.obj
c:\users\psonc001\source\repos\natnetsdk\samples\sampleclient3d\debug\natutils.obj
c:\users\psonc001\source\repos\natnetsdk\samples\sampleclient3d\debug\opengldrawingfunctions.obj
c:\users\psonc001\source\repos\natnetsdk\samples\sampleclient3d\debug\rigidbodycollection.obj
c:\users\psonc001\source\repos\natnetsdk\samples\sampleclient3d\debug\sampleclient3d.obj
c:\users\psonc001\source\repos\natnetsdk\samples\sampleclient3d\debug\sampleclient3d.ilk
c:\users\psonc001\source\repos\natnetsdk\samples\bin\x86\sampleclient3d.exe
c:\users\psonc001\source\repos\natnetsdk\samples\bin\x86\sampleclient3d.pdb
c:\users\psonc001\source\repos\natnetsdk\samples\sampleclient3d\debug\sampleclient3d.res
c:\users\psonc001\source\repos\natnetsdk\samples\sampleclient3d\debug\sampleclient3d.tlog\cl.command.1.tlog
c:\users\psonc001\source\repos\natnetsdk\samples\sampleclient3d\debug\sampleclient3d.tlog\cl.read.1.tlog
c:\users\psonc001\source\repos\natnetsdk\samples\sampleclient3d\debug\sampleclient3d.tlog\cl.write.1.tlog
c:\users\psonc001\source\repos\natnetsdk\samples\sampleclient3d\debug\sampleclient3d.tlog\link.command.1.tlog
c:\users\psonc001\source\repos\natnetsdk\samples\sampleclient3d\debug\sampleclient3d.tlog\link.read.1.tlog
c:\users\psonc001\source\repos\natnetsdk\samples\sampleclient3d\debug\sampleclient3d.tlog\link.write.1.tlog
c:\users\psonc001\source\repos\natnetsdk\samples\sampleclient3d\debug\sampleclient3d.tlog\rc.command.1.tlog
c:\users\psonc001\source\repos\natnetsdk\samples\sampleclient3d\debug\sampleclient3d.tlog\rc.read.1.tlog
c:\users\psonc001\source\repos\natnetsdk\samples\sampleclient3d\debug\sampleclient3d.tlog\rc.write.1.tlog
